<?xml version="1.0" encoding="UTF-8"?>
<!DOCTYPE filesystem PUBLIC "-//NetBeans//DTD Filesystem 1.0//EN" "http://www.netbeans.org/dtds/filesystem-1_0.dtd">
<!--
                Sun Public License Notice

The contents of this file are subject to the Sun Public License
Version 1.0 (the "License"). You may not use this file except in
compliance with the License. A copy of the License is available at
http://www.sun.com/

The Original Code is NetBeans. The Initial Developer of the Original
Code is Sun Microsystems, Inc. Portions Copyright 1997-2004 Sun
Microsystems, Inc. All Rights Reserved.
-->
<filesystem>
    <folder name="Editors">
        <folder name="AnnotationTypes">
            <folder name="StatusForAnnotationType">
                <file name="test-annotation-1">
                    <attr name="status" stringvalue="error" />
                </file>
                <file name="test-annotation-2">
                    <attr name="status" stringvalue="warning" />
                </file>
                <file name="test-annotation-3">
                    <attr name="status" stringvalue="ok" />
                </file>
                <file name="test-annotation-4">
                    <attr name="status" stringvalue="error" />
                    <attr name="color" stringvalue="0x000000" />
                </file>
                <file name="test-annotation-5">
                    <attr name="status" stringvalue="warning" />
                    <attr name="color" stringvalue="0x000000" />
                </file>
                <file name="test-annotation-6">
                    <attr name="status" stringvalue="ok" />
                    <attr name="color" stringvalue="0x000000" />
                </file>
                <file name="test-annotation-7">
                    <attr name="status" stringvalue="ok" />
                    <attr name="color" stringvalue="unparseable" />
                </file>
                <file name="test-annotation-8">
                    <attr name="status" stringvalue="unknown" />
                </file>
                
                <file name="test-annotation-browseable-1">
                    <attr name="status" stringvalue="ok" />
                    <attr name="browseable" boolvalue="true" />
                </file>
                <file name="test-annotation-browseable-2">
                    <attr name="status" stringvalue="ok" />
                    <attr name="browseable" boolvalue="false" />
                </file>
            </folder>
        </folder>
    </folder>
</filesystem>
