<?xml version="1.0" encoding="UTF-8"?>
<!--
DO NOT ALTER OR REMOVE COPYRIGHT NOTICES OR THIS HEADER.

Copyright 2008 Sun Microsystems, Inc. All rights reserved.


The contents of this file are subject to the terms of either the GNU
General Public License Version 2 only ("GPL") or the Common
Development and Distribution License("CDDL") (collectively, the
"License"). You may not use this file except in compliance with the
License. You can obtain a copy of the License at
http://www.netbeans.org/cddl-gplv2.html
or nbbuild/licenses/CDDL-GPL-2-CP. See the License for the
specific language governing permissions and limitations under the
License.  When distributing the software, include this License Header
Notice in each file and include the License file at
nbbuild/licenses/CDDL-GPL-2-CP.  Sun designates this
particular file as subject to the "Classpath" exception as provided
by Sun in the GPL Version 2 section of the License file that
accompanied this code. If applicable, add the following below the
License Header, with the fields enclosed by brackets [] replaced by
your own identifying information:
"Portions Copyrighted [year] [name of copyright owner]"

Contributor(s):

The Original Software is NetBeans. The Initial Developer of the Original
Software is Sun Microsystems, Inc. Portions Copyright 2008 Sun
Microsystems, Inc. All Rights Reserved.

If you wish your version of this file to be governed by only the CDDL
or only the GPL Version 2, indicate your decision by adding
"[Contributor] elects to include this software in this distribution
under the [CDDL or GPL Version 2] license." If you do not indicate a
single choice of license, a recipient has the option to distribute
your version of this file under either the CDDL, the GPL Version 2 or
to extend the choice of license to its licensees as provided above.
However, if you add GPL Version 2 code and therefore, elected the GPL
Version 2 license, then the option applies only if the new code is
made subject to such option by the copyright holder.
-->
<project name="{0} (test)" default="test" basedir=".">
    <target name="-check-run-test-single-method-supported" if="methodname">
        <available property="run.test.single.method.supported"
                   classname="org.apache.tools.ant.taskdefs.optional.junit.XMLResultParser"/>
        <fail unless="run.test.single.method.supported">Execution of a single test method is not supported by this version of Ant.</fail>
    </target>
    <target name="-prepare-execution">
        <macrodef name="junit-template">
            <element name="test-spec" implicit="yes"/>
            <sequential>
                <translate-classpath classpath="${classpath}" targetProperty="classpath-translated" />
                <property name="run.jvmargs" value="" />
                <property name="work.dir" value="${basedir}"/>
                <echo message="work dir: ${work.dir}"/>
                <junit showoutput="true" fork="true" dir="${work.dir}">
                    <test-spec/>
                    <classpath path="${classpath-translated}" />
                    <jvmarg value="-ea"/>
                    <jvmarg line="${run.jvmargs}"/>
                    <formatter type="brief" usefile="false"/>
                    <formatter type="xml"/>
                </junit>
            </sequential>
        </macrodef>
        <translate-classpath classpath="${classpath}" targetProperty="classpath-translated"/>
    </target>
    <target name="-test-class" depends="-prepare-execution" unless="methodname">
        <junit-template>
            <test name="${classname}"/>
        </junit-template>
    </target>
    <target name="-test-method" depends="-check-run-test-single-method-supported,-prepare-execution" if="methodname">
        <junit-template>
            <test name="${classname}" methods="${methodname}"/>
        </junit-template>
    </target>
    <target name="test" depends="-test-class,-test-method"/>
</project>
