<?xml version="1.0" encoding="UTF-8"?>
<!DOCTYPE filesystem PUBLIC "-//NetBeans//DTD Filesystem 1.1//EN" "wherever">
<filesystem>
    <file name="bar"/>
</filesystem>
