<?xml version="1.0" encoding="UTF-8"?>
<!--
The contents of this file are subject to the terms of the Common Development
and Distribution License (the License). You may not use this file except in
compliance with the License.

You can obtain a copy of the License at http://www.netbeans.org/cddl.html
or http://www.netbeans.org/cddl.txt.

When distributing Covered Code, include this CDDL Header Notice in each file
and include the License file at http://www.netbeans.org/cddl.txt.
If applicable, add the following below the CDDL Header, with the fields
enclosed by brackets [] replaced by your own identifying information:
"Portions Copyrighted [year] [name of copyright owner]"

The Original Software is NetBeans. The Initial Developer of the Original
Software is Sun Microsystems, Inc. Portions Copyright 1997-2007 Sun
Microsystems, Inc. All Rights Reserved.
-->
<!DOCTYPE library PUBLIC "-//NetBeans//DTD Library Declaration 1.0//EN" "http://www.netbeans.org/dtds/library-declaration-1_0.dtd">
<library version="1.0">
    <name>junit_4</name>
    <type>j2se</type>
    <localizing-bundle>org.netbeans.modules.junit.Bundle</localizing-bundle>
    <volume>
        <type>classpath</type>
        <resource>jar:nbinst://org.netbeans.modules.junit/modules/ext/junit-4.1.jar!/</resource>
    </volume>
    <volume>
        <!-- please check with mkleint@netbeans.org before/after updating this or "classpath" section -->
        <type>maven-pom</type>
        <resource>http://repo1.maven.org/maven2/junit/junit/4.1/junit-4.1.pom</resource>
    </volume>
</library>
